<?xml version="1.0" encoding="UTF-8"?>
<testng-results ignored="0" total="1" passed="1" failed="0" skipped="0">
  <reporter-output>
  </reporter-output>
  <suite started-at="2025-07-28T14:47:58 IST" name="Default suite" finished-at="2025-07-28T14:48:11 IST" duration-ms="12882">
    <groups>
    </groups>
    <test started-at="2025-07-28T14:47:58 IST" name="Default test" finished-at="2025-07-28T14:48:11 IST" duration-ms="12882">
      <class name="SeleniumScrollBY.Scroll">
        <test-method is-config="true" signature="setup()[pri:0, instance:SeleniumScrollBY.Scroll@2362f559]" started-at="2025-07-28T14:47:58 IST" name="setup" finished-at="2025-07-28T14:48:00 IST" duration-ms="1529" status="PASS">
          <reporter-output>
          </reporter-output>
        </test-method> <!-- setup -->
        <test-method signature="Test()[pri:0, instance:SeleniumScrollBY.Scroll@2362f559]" started-at="2025-07-28T14:48:00 IST" name="Test" finished-at="2025-07-28T14:48:11 IST" duration-ms="11323" status="PASS">
          <reporter-output>
          </reporter-output>
        </test-method> <!-- Test -->
      </class> <!-- SeleniumScrollBY.Scroll -->
    </test> <!-- Default test -->
  </suite> <!-- Default suite -->
</testng-results>
