<?xml version="1.0" encoding="UTF-8"?>
<testng-results ignored="0" total="1" passed="1" failed="0" skipped="0">
  <reporter-output>
  </reporter-output>
  <suite started-at="2025-07-25T15:41:33 IST" name="Default suite" finished-at="2025-07-25T15:41:41 IST" duration-ms="7488">
    <groups>
    </groups>
    <test started-at="2025-07-25T15:41:33 IST" name="Default test" finished-at="2025-07-25T15:41:41 IST" duration-ms="7488">
      <class name="dropDown.CountMonth">
        <test-method signature="DemoTestID()[pri:0, instance:dropDown.CountMonth@6b2ea799]" started-at="2025-07-25T15:41:33 IST" name="DemoTestID" finished-at="2025-07-25T15:41:41 IST" duration-ms="7448" status="PASS">
          <reporter-output>
          </reporter-output>
        </test-method> <!-- DemoTestID -->
      </class> <!-- dropDown.CountMonth -->
    </test> <!-- Default test -->
  </suite> <!-- Default suite -->
</testng-results>
