<?xml version="1.0" encoding="UTF-8"?>
<testng-results ignored="0" total="1" passed="1" failed="0" skipped="0">
  <reporter-output>
  </reporter-output>
  <suite started-at="2025-07-25T12:18:19 IST" name="Default suite" finished-at="2025-07-25T12:18:24 IST" duration-ms="4834">
    <groups>
    </groups>
    <test started-at="2025-07-25T12:18:19 IST" name="Default test" finished-at="2025-07-25T12:18:24 IST" duration-ms="4834">
      <class name="locatorsDemo.Demo_ID">
        <test-method signature="DemoTestID()[pri:0, instance:locatorsDemo.Demo_ID@51399530]" started-at="2025-07-25T12:18:19 IST" name="DemoTestID" finished-at="2025-07-25T12:18:24 IST" duration-ms="4804" status="PASS">
          <reporter-output>
          </reporter-output>
        </test-method> <!-- DemoTestID -->
      </class> <!-- locatorsDemo.Demo_ID -->
    </test> <!-- Default test -->
  </suite> <!-- Default suite -->
</testng-results>
