<?xml version="1.0" encoding="UTF-8"?>
<testng-results ignored="0" total="1" passed="1" failed="0" skipped="0">
  <reporter-output>
  </reporter-output>
  <suite started-at="2025-07-28T12:54:42 IST" name="Default suite" finished-at="2025-07-28T12:55:15 IST" duration-ms="33789">
    <groups>
    </groups>
    <test started-at="2025-07-28T12:54:42 IST" name="Default test" finished-at="2025-07-28T12:55:15 IST" duration-ms="33789">
      <class name="ApachePoi.StatusCheck">
        <test-method is-config="true" signature="setup()[pri:0, instance:ApachePoi.StatusCheck@65e98b1c]" started-at="2025-07-28T12:54:42 IST" name="setup" finished-at="2025-07-28T12:54:45 IST" duration-ms="3664" status="PASS">
          <reporter-output>
          </reporter-output>
        </test-method> <!-- setup -->
        <test-method signature="locatorsTestingBlog()[pri:0, instance:ApachePoi.StatusCheck@65e98b1c]" started-at="2025-07-28T12:54:45 IST" name="locatorsTestingBlog" finished-at="2025-07-28T12:55:15 IST" duration-ms="30095" status="PASS">
          <reporter-output>
          </reporter-output>
        </test-method> <!-- locatorsTestingBlog -->
      </class> <!-- ApachePoi.StatusCheck -->
    </test> <!-- Default test -->
  </suite> <!-- Default suite -->
</testng-results>
