<?xml version="1.0" encoding="UTF-8"?>
<testng-results ignored="0" total="1" passed="1" failed="0" skipped="0">
  <reporter-output>
  </reporter-output>
  <suite started-at="2025-07-25T17:43:21 IST" name="Default suite" finished-at="2025-07-25T17:43:28 IST" duration-ms="7134">
    <groups>
    </groups>
    <test started-at="2025-07-25T17:43:21 IST" name="Default test" finished-at="2025-07-25T17:43:28 IST" duration-ms="7134">
      <class name="popUp.HandleAlert">
        <test-method signature="TestPopups()[pri:0, instance:popUp.HandleAlert@6b2ea799]" started-at="2025-07-25T17:43:21 IST" name="TestPopups" finished-at="2025-07-25T17:43:28 IST" duration-ms="7093" status="PASS">
          <reporter-output>
          </reporter-output>
        </test-method> <!-- TestPopups -->
      </class> <!-- popUp.HandleAlert -->
    </test> <!-- Default test -->
  </suite> <!-- Default suite -->
</testng-results>
