<?xml version="1.0" encoding="UTF-8"?>
<testng-results ignored="0" total="1" passed="1" failed="0" skipped="0">
  <reporter-output>
  </reporter-output>
  <suite started-at="2025-07-25T15:05:07 IST" name="Default suite" finished-at="2025-07-25T15:05:30 IST" duration-ms="22582">
    <groups>
    </groups>
    <test started-at="2025-07-25T15:05:07 IST" name="Default test" finished-at="2025-07-25T15:05:30 IST" duration-ms="22582">
      <class name="locatorsDemo.LinkTextandPartialLink">
        <test-method is-config="true" signature="setUp()[pri:0, instance:locatorsDemo.LinkTextandPartialLink@7eac9008]" started-at="2025-07-25T15:05:07 IST" name="setUp" finished-at="2025-07-25T15:05:09 IST" duration-ms="1343" status="PASS">
          <reporter-output>
          </reporter-output>
        </test-method> <!-- setUp -->
        <test-method signature="DemoTestID()[pri:0, instance:locatorsDemo.LinkTextandPartialLink@7eac9008]" started-at="2025-07-25T15:05:09 IST" name="DemoTestID" finished-at="2025-07-25T15:05:30 IST" duration-ms="21205" status="PASS">
          <reporter-output>
          </reporter-output>
        </test-method> <!-- DemoTestID -->
      </class> <!-- locatorsDemo.LinkTextandPartialLink -->
    </test> <!-- Default test -->
  </suite> <!-- Default suite -->
</testng-results>
