<?xml version="1.0" encoding="UTF-8"?>
<testng-results ignored="0" total="1" passed="1" failed="0" skipped="0">
  <reporter-output>
  </reporter-output>
  <suite started-at="2025-07-28T10:38:59 IST" name="Default suite" finished-at="2025-07-28T10:39:04 IST" duration-ms="5103">
    <groups>
    </groups>
    <test started-at="2025-07-28T10:38:59 IST" name="Default test" finished-at="2025-07-28T10:39:04 IST" duration-ms="5103">
      <class name="RadioButtons.RadioButtonEaseMyTrip">
        <test-method signature="TestPopups()[pri:0, instance:RadioButtons.RadioButtonEaseMyTrip@6b2ea799]" started-at="2025-07-28T10:38:59 IST" name="TestPopups" finished-at="2025-07-28T10:39:04 IST" duration-ms="5066" status="PASS">
          <reporter-output>
          </reporter-output>
        </test-method> <!-- TestPopups -->
      </class> <!-- RadioButtons.RadioButtonEaseMyTrip -->
    </test> <!-- Default test -->
  </suite> <!-- Default suite -->
</testng-results>
